<?xml version="1.0" encoding="UTF-8"?>
<testsuite name="FizzBuzzTest" tests="1" skipped="0" failures="0" errors="0" timestamp="2021-09-20T10:09:36" hostname="Mehuls-MacBook-Air.local" time="0.032">
  <properties/>
  <testcase name="testGenerateListOfNumbersUpToThree()" classname="FizzBuzzTest" time="0.032"/>
  <system-out><![CDATA[]]></system-out>
  <system-err><![CDATA[]]></system-err>
</testsuite>
