<?xml version="1.0" encoding="UTF-8"?>
<testsuite name="FizzBuzzTest" tests="4" skipped="0" failures="0" errors="0" timestamp="2021-09-20T15:56:14" hostname="Mehuls-MacBook-Air.local" time="0.056">
  <properties/>
  <testcase name="testGenerateListOfNumbersUpToFive()" classname="FizzBuzzTest" time="0.045"/>
  <testcase name="testGenerateListOfNumbersUpToOneHundred()" classname="FizzBuzzTest" time="0.002"/>
  <testcase name="testGenerateListOfNumbersUpToThree()" classname="FizzBuzzTest" time="0.002"/>
  <testcase name="testGenerateListOfNumbersUpToFifteen()" classname="FizzBuzzTest" time="0.002"/>
  <system-out><![CDATA[]]></system-out>
  <system-err><![CDATA[]]></system-err>
</testsuite>
