<?xml version="1.0" encoding="UTF-8"?>
<testsuite name="FizzBuzzTest" tests="3" skipped="0" failures="0" errors="0" timestamp="2021-09-20T15:52:19" hostname="Mehuls-MacBook-Air.local" time="0.043">
  <properties/>
  <testcase name="testGenerateListOfNumbersUpToFive()" classname="FizzBuzzTest" time="0.034"/>
  <testcase name="testGenerateListOfNumbersUpToThree()" classname="FizzBuzzTest" time="0.002"/>
  <testcase name="testGenerateListOfNumbersUpToFifteen()" classname="FizzBuzzTest" time="0.003"/>
  <system-out><![CDATA[]]></system-out>
  <system-err><![CDATA[]]></system-err>
</testsuite>
